<?xml version="1.0" encoding="UTF-8"?>
<!-- Generated by org.testng.reporters.JUnitReportReporter -->
<testsuite hostname="LAPTOP-1RO5BVEI" name="TestCases.TestOutlookIntegration" tests="1" failures="0" timestamp="2 Aug 2017 06:57:46 GMT" time="87.134" errors="0">
  <testcase name="IntegrationVerification" time="87.134" classname="TestCases.TestOutlookIntegration"/>
</testsuite> <!-- TestCases.TestOutlookIntegration -->
