<?xml version="1.0" encoding="UTF-8"?>
<!-- Generated by org.testng.reporters.JUnitReportReporter -->
<testsuite hostname="LAPTOP-1RO5BVEI" name="TestCases.TestEvernoteIntegration" tests="1" failures="0" timestamp="2 Aug 2017 07:56:48 GMT" time="32.546" errors="0">
  <testcase name="IntegrationVerification" time="32.546" classname="TestCases.TestEvernoteIntegration"/>
</testsuite> <!-- TestCases.TestEvernoteIntegration -->
