<?xml version="1.0" encoding="UTF-8"?>
<!-- Generated by org.testng.reporters.JUnitReportReporter -->
<testsuite hostname="LAPTOP-1RO5BVEI" name="TestCases.TestGmailIntegration" tests="1" failures="0" timestamp="1 Aug 2017 08:05:20 GMT" time="38.369" errors="0">
  <testcase name="IntegrationVerification" time="38.369" classname="TestCases.TestGmailIntegration"/>
</testsuite> <!-- TestCases.TestGmailIntegration -->
