<?xml version="1.0" encoding="UTF-8"?>
<!-- Generated by org.testng.reporters.JUnitReportReporter -->
<testsuite hostname="LAPTOP-1RO5BVEI" name="TestCases.SignupTestcase" tests="1" failures="0" timestamp="24 Jul 2017 07:40:06 GMT" time="15.607" errors="0">
  <testcase name="Signup_Validation" time="15.607" classname="TestCases.SignupTestcase"/>
</testsuite> <!-- TestCases.SignupTestcase -->
