<?xml version="1.0" encoding="UTF-8"?>
<!-- Generated by org.testng.reporters.JUnitReportReporter -->
<testsuite hostname="LAPTOP-1RO5BVEI" name="TestCases.TodoTest" tests="1" failures="0" timestamp="21 Jul 2017 06:17:08 GMT" time="18.886" errors="0">
  <testcase name="Todo_validation" time="18.886" classname="TestCases.TodoTest"/>
</testsuite> <!-- TestCases.TodoTest -->
