<?xml version="1.0" encoding="UTF-8"?>
<!-- Generated by org.testng.reporters.JUnitReportReporter -->
<testsuite hostname="LAPTOP-1RO5BVEI" name="TestCases.TestOnedriveIntegration" tests="1" failures="0" timestamp="2 Aug 2017 11:48:50 GMT" time="141.308" errors="0">
  <testcase name="IntegrationVerification" time="141.308" classname="TestCases.TestOnedriveIntegration"/>
</testsuite> <!-- TestCases.TestOnedriveIntegration -->
