<?xml version="1.0" encoding="UTF-8"?>
<!-- Generated by org.testng.reporters.JUnitReportReporter -->
<testsuite hostname="LAPTOP-1RO5BVEI" name="TestCases.ChangePassowrdTesting" tests="1" failures="0" timestamp="20 Jul 2017 04:52:54 GMT" time="34.054" errors="0">
  <testcase name="Changepassword" time="34.054" classname="TestCases.ChangePassowrdTesting"/>
</testsuite> <!-- TestCases.ChangePassowrdTesting -->
