<?xml version="1.0" encoding="UTF-8"?>
<!-- Generated by org.testng.reporters.JUnitReportReporter -->
<testsuite hostname="LAPTOP-1RO5BVEI" name="TestCases.ChangePassowrd1" tests="1" failures="0" timestamp="19 Jul 2017 12:20:05 GMT" time="14.343" errors="0">
  <testcase name="Changepassword" time="14.343" classname="TestCases.ChangePassowrd1"/>
</testsuite> <!-- TestCases.ChangePassowrd1 -->
