<?xml version="1.0" encoding="UTF-8"?>
<!-- Generated by org.testng.reporters.JUnitReportReporter -->
<testsuite hostname="LAPTOP-1RO5BVEI" name="TestCases.TestBoxIntegration" tests="1" failures="0" timestamp="1 Aug 2017 11:50:38 GMT" time="30.558" errors="0">
  <testcase name="IntegrationVerification" time="30.558" classname="TestCases.TestBoxIntegration"/>
</testsuite> <!-- TestCases.TestBoxIntegration -->
