<?xml version="1.0" encoding="UTF-8"?>
<!-- Generated by org.testng.reporters.JUnitReportReporter -->
<testsuite hostname="LAPTOP-1RO5BVEI" name="TestCases.TestGoolgeProfileIntegration" tests="1" failures="0" timestamp="2 Aug 2017 07:34:53 GMT" time="24.742" errors="0">
  <testcase name="IntegrationVerification" time="24.742" classname="TestCases.TestGoolgeProfileIntegration"/>
</testsuite> <!-- TestCases.TestGoolgeProfileIntegration -->
