<?xml version="1.0" encoding="UTF-8"?>
<!-- Generated by org.testng.reporters.JUnitReportReporter -->
<testsuite hostname="LAPTOP-1RO5BVEI" name="TestCases.TestGoogleDriveIntegration" tests="1" failures="0" timestamp="2 Aug 2017 11:52:04 GMT" time="75.429" errors="0">
  <testcase name="IntegrationVerification" time="75.429" classname="TestCases.TestGoogleDriveIntegration"/>
</testsuite> <!-- TestCases.TestGoogleDriveIntegration -->
