<?xml version="1.0" encoding="UTF-8"?>
<!-- Generated by org.testng.reporters.JUnitReportReporter -->
<testsuite hostname="LAPTOP-1RO5BVEI" name="com.iriiis.product.com.iriiis.product.VerifyValidLogin" tests="1" failures="0" timestamp="18 Jul 2017 07:31:45 GMT" time="24.366" errors="0">
  <testcase name="checkvaliduser" time="24.366" classname="com.iriiis.product.com.iriiis.product.VerifyValidLogin"/>
</testsuite> <!-- com.iriiis.product.com.iriiis.product.VerifyValidLogin -->
