<?xml version="1.0" encoding="UTF-8"?>
<!-- Generated by org.testng.reporters.JUnitReportReporter -->
<testsuite hostname="LAPTOP-1RO5BVEI" name="TestCases.TestOnedriveIntegration" tests="1" failures="0" timestamp="1 Aug 2017 14:18:40 GMT" time="100.676" errors="0">
  <testcase name="IntegrationVerification" time="100.676" classname="TestCases.TestOnedriveIntegration"/>
</testsuite> <!-- TestCases.TestOnedriveIntegration -->
