<?xml version="1.0" encoding="UTF-8"?>
<!-- Generated by org.testng.reporters.JUnitReportReporter -->
<testsuite hostname="LAPTOP-1RO5BVEI" name="TestCases.VerifyValidLogin" tests="1" failures="0" timestamp="19 Jul 2017 13:58:24 GMT" time="11.745" errors="0">
  <testcase name="checkvaliduser" time="11.745" classname="TestCases.VerifyValidLogin"/>
</testsuite> <!-- TestCases.VerifyValidLogin -->
