<?xml version="1.0" encoding="UTF-8"?>
<!-- Generated by org.testng.reporters.JUnitReportReporter -->
<testsuite hostname="LAPTOP-1RO5BVEI" name="TestCases.ChangePassowrdTesting" tests="1" failures="0" timestamp="2 Aug 2017 09:37:27 GMT" time="33.533" errors="0">
  <testcase name="Changepassword" time="33.533" classname="TestCases.ChangePassowrdTesting"/>
</testsuite> <!-- TestCases.ChangePassowrdTesting -->
