<?xml version="1.0" encoding="UTF-8"?>
<!-- Generated by org.testng.reporters.JUnitReportReporter -->
<testsuite hostname="LAPTOP-1RO5BVEI" name="TestCases.TestGoogleCalendarIntegration" tests="1" failures="0" timestamp="1 Aug 2017 10:29:52 GMT" time="22.833" errors="0">
  <testcase name="IntegrationVerification" time="22.833" classname="TestCases.TestGoogleCalendarIntegration"/>
</testsuite> <!-- TestCases.TestGoogleCalendarIntegration -->
